[INFO ] 2026-04-22 12:39:31.512 [main] Logger_TutorialsNinjaTest - Fetching invalid email data from Excel
[DEBUG] 2026-04-22 12:39:32.119 [main] PackageRelationshipCollection - Parsing relationship: /xl/_rels/workbook.xml.rels
[DEBUG] 2026-04-22 12:39:32.124 [main] PackageRelationshipCollection - Parsing relationship: /xl/worksheets/_rels/sheet1.xml.rels
[DEBUG] 2026-04-22 12:39:32.127 [main] PackageRelationshipCollection - Parsing relationship: /_rels/.rels
[INFO ] 2026-04-22 12:39:34.446 [main] Logger_TutorialsNinjaTest - ========== Starting Test ==========
[INFO ] 2026-04-22 12:39:37.592 [main] Logger_TutorialsNinjaTest - Chrome browser launched
[INFO ] 2026-04-22 12:39:37.713 [main] Logger_TutorialsNinjaTest - Browser window maximized
[INFO ] 2026-04-22 12:39:39.333 [main] Logger_TutorialsNinjaTest - TutorialsNinja website opened
[INFO ] 2026-04-22 12:39:39.344 [main] Logger_TutorialsNinjaTest - Executing Invalid Email Login Test
[INFO ] 2026-04-22 12:39:39.344 [main] Logger_TutorialsNinjaTest - Email Used: rohini1@gmail.com
[DEBUG] 2026-04-22 12:39:39.559 [main] Logger_TutorialsNinjaTest - Clicked My Account
[DEBUG] 2026-04-22 12:39:40.173 [main] Logger_TutorialsNinjaTest - Clicked Login option
[DEBUG] 2026-04-22 12:39:40.518 [main] Logger_TutorialsNinjaTest - Entered Invalid Email
[DEBUG] 2026-04-22 12:39:40.802 [main] Logger_TutorialsNinjaTest - Entered Password
[INFO ] 2026-04-22 12:39:42.172 [main] Logger_TutorialsNinjaTest - Clicked Submit button
[INFO ] 2026-04-22 12:39:42.431 [main] Logger_TutorialsNinjaTest - Invalid Email Login Test Passed
[WARN ] 2026-04-22 12:39:42.432 [main] Logger_TutorialsNinjaTest - Login failed because of invalid email
[INFO ] 2026-04-22 12:39:42.448 [main] Logger_TutorialsNinjaTest - Closing Browser
[INFO ] 2026-04-22 12:39:42.873 [main] Logger_TutorialsNinjaTest - Browser closed successfully
[INFO ] 2026-04-22 12:39:42.873 [main] Logger_TutorialsNinjaTest - ========== Test Finished ==========
[INFO ] 2026-04-22 12:39:42.878 [main] Logger_TutorialsNinjaTest - Fetching invalid password data from Excel
[DEBUG] 2026-04-22 12:39:42.913 [main] PackageRelationshipCollection - Parsing relationship: /xl/_rels/workbook.xml.rels
[DEBUG] 2026-04-22 12:39:42.918 [main] PackageRelationshipCollection - Parsing relationship: /xl/worksheets/_rels/sheet1.xml.rels
[DEBUG] 2026-04-22 12:39:42.923 [main] PackageRelationshipCollection - Parsing relationship: /_rels/.rels
[INFO ] 2026-04-22 12:39:43.030 [main] Logger_TutorialsNinjaTest - ========== Starting Test ==========
[INFO ] 2026-04-22 12:39:44.788 [main] Logger_TutorialsNinjaTest - Chrome browser launched
[INFO ] 2026-04-22 12:39:44.847 [main] Logger_TutorialsNinjaTest - Browser window maximized
[INFO ] 2026-04-22 12:39:46.084 [main] Logger_TutorialsNinjaTest - TutorialsNinja website opened
[INFO ] 2026-04-22 12:39:46.086 [main] Logger_TutorialsNinjaTest - Executing Invalid Password Login Test
[INFO ] 2026-04-22 12:39:46.088 [main] Logger_TutorialsNinjaTest - Email Used: rohini@gmail.com
[DEBUG] 2026-04-22 12:39:46.250 [main] Logger_TutorialsNinjaTest - Clicked My Account
[DEBUG] 2026-04-22 12:39:46.691 [main] Logger_TutorialsNinjaTest - Clicked Login option
[DEBUG] 2026-04-22 12:39:47.129 [main] Logger_TutorialsNinjaTest - Entered Email
[DEBUG] 2026-04-22 12:39:47.274 [main] Logger_TutorialsNinjaTest - Entered Invalid Password
[INFO ] 2026-04-22 12:39:47.480 [main] Logger_TutorialsNinjaTest - Clicked Submit button
[INFO ] 2026-04-22 12:39:48.665 [main] Logger_TutorialsNinjaTest - Invalid Password Login Test Passed
[WARN ] 2026-04-22 12:39:48.667 [main] Logger_TutorialsNinjaTest - Login failed because of invalid password
[INFO ] 2026-04-22 12:39:48.675 [main] Logger_TutorialsNinjaTest - Closing Browser
[INFO ] 2026-04-22 12:39:49.079 [main] Logger_TutorialsNinjaTest - Browser closed successfully
[INFO ] 2026-04-22 12:39:49.080 [main] Logger_TutorialsNinjaTest - ========== Test Finished ==========
[INFO ] 2026-04-22 12:39:49.084 [main] Logger_TutorialsNinjaTest - Fetching valid login data from Excel
[DEBUG] 2026-04-22 12:39:49.113 [main] PackageRelationshipCollection - Parsing relationship: /xl/_rels/workbook.xml.rels
[DEBUG] 2026-04-22 12:39:49.118 [main] PackageRelationshipCollection - Parsing relationship: /xl/worksheets/_rels/sheet1.xml.rels
[DEBUG] 2026-04-22 12:39:49.122 [main] PackageRelationshipCollection - Parsing relationship: /_rels/.rels
[INFO ] 2026-04-22 12:39:49.206 [main] Logger_TutorialsNinjaTest - ========== Starting Test ==========
[INFO ] 2026-04-22 12:39:50.806 [main] Logger_TutorialsNinjaTest - Chrome browser launched
[INFO ] 2026-04-22 12:39:50.904 [main] Logger_TutorialsNinjaTest - Browser window maximized
[INFO ] 2026-04-22 12:39:52.185 [main] Logger_TutorialsNinjaTest - TutorialsNinja website opened
[INFO ] 2026-04-22 12:39:52.189 [main] Logger_TutorialsNinjaTest - Executing Valid Login Test
[INFO ] 2026-04-22 12:39:52.189 [main] Logger_TutorialsNinjaTest - Email Used: rohini@gmail.com
[DEBUG] 2026-04-22 12:39:52.372 [main] Logger_TutorialsNinjaTest - Clicked My Account
[DEBUG] 2026-04-22 12:39:52.855 [main] Logger_TutorialsNinjaTest - Clicked Login option
[DEBUG] 2026-04-22 12:39:53.083 [main] Logger_TutorialsNinjaTest - Entered Email
[DEBUG] 2026-04-22 12:39:53.269 [main] Logger_TutorialsNinjaTest - Entered Password
[INFO ] 2026-04-22 12:39:54.712 [main] Logger_TutorialsNinjaTest - Clicked Submit button
[INFO ] 2026-04-22 12:39:54.949 [main] Logger_TutorialsNinjaTest - Valid Login Test Passed
[INFO ] 2026-04-22 12:39:54.956 [main] Logger_TutorialsNinjaTest - Closing Browser
[INFO ] 2026-04-22 12:39:55.347 [main] Logger_TutorialsNinjaTest - Browser closed successfully
[INFO ] 2026-04-22 12:39:55.349 [main] Logger_TutorialsNinjaTest - ========== Test Finished ==========
[DEBUG] 2026-04-22 14:30:58.020 [main] PackageRelationshipCollection - Parsing relationship: /xl/_rels/workbook.xml.rels
[DEBUG] 2026-04-22 14:30:58.076 [main] PackageRelationshipCollection - Parsing relationship: /xl/worksheets/_rels/sheet1.xml.rels
[DEBUG] 2026-04-22 14:30:58.078 [main] PackageRelationshipCollection - Parsing relationship: /_rels/.rels
[DEBUG] 2026-04-22 14:31:13.664 [main] PackageRelationshipCollection - Parsing relationship: /xl/_rels/workbook.xml.rels
[DEBUG] 2026-04-22 14:31:13.672 [main] PackageRelationshipCollection - Parsing relationship: /xl/worksheets/_rels/sheet1.xml.rels
[DEBUG] 2026-04-22 14:31:13.675 [main] PackageRelationshipCollection - Parsing relationship: /_rels/.rels
[DEBUG] 2026-04-22 14:31:25.413 [main] PackageRelationshipCollection - Parsing relationship: /xl/_rels/workbook.xml.rels
[DEBUG] 2026-04-22 14:31:25.415 [main] PackageRelationshipCollection - Parsing relationship: /xl/worksheets/_rels/sheet1.xml.rels
[DEBUG] 2026-04-22 14:31:25.416 [main] PackageRelationshipCollection - Parsing relationship: /_rels/.rels
[DEBUG] 2026-04-22 14:31:57.820 [main] PackageRelationshipCollection - Parsing relationship: /xl/_rels/workbook.xml.rels
[DEBUG] 2026-04-22 14:31:57.830 [main] PackageRelationshipCollection - Parsing relationship: /xl/worksheets/_rels/sheet1.xml.rels
[DEBUG] 2026-04-22 14:31:57.833 [main] PackageRelationshipCollection - Parsing relationship: /_rels/.rels
[DEBUG] 2026-04-22 14:32:12.303 [main] PackageRelationshipCollection - Parsing relationship: /xl/_rels/workbook.xml.rels
[DEBUG] 2026-04-22 14:32:12.309 [main] PackageRelationshipCollection - Parsing relationship: /xl/worksheets/_rels/sheet1.xml.rels
[DEBUG] 2026-04-22 14:32:12.312 [main] PackageRelationshipCollection - Parsing relationship: /_rels/.rels
[DEBUG] 2026-04-22 14:32:24.257 [main] PackageRelationshipCollection - Parsing relationship: /xl/_rels/workbook.xml.rels
[DEBUG] 2026-04-22 14:32:24.262 [main] PackageRelationshipCollection - Parsing relationship: /xl/worksheets/_rels/sheet1.xml.rels
[DEBUG] 2026-04-22 14:32:24.267 [main] PackageRelationshipCollection - Parsing relationship: /_rels/.rels
[DEBUG] 2026-04-22 14:34:03.826 [main] PackageRelationshipCollection - Parsing relationship: /xl/_rels/workbook.xml.rels
[DEBUG] 2026-04-22 14:34:03.835 [main] PackageRelationshipCollection - Parsing relationship: /xl/worksheets/_rels/sheet1.xml.rels
[DEBUG] 2026-04-22 14:34:03.839 [main] PackageRelationshipCollection - Parsing relationship: /_rels/.rels
[DEBUG] 2026-04-22 14:34:46.719 [main] PackageRelationshipCollection - Parsing relationship: /xl/_rels/workbook.xml.rels
[DEBUG] 2026-04-22 14:34:46.732 [main] PackageRelationshipCollection - Parsing relationship: /xl/worksheets/_rels/sheet1.xml.rels
[DEBUG] 2026-04-22 14:34:46.735 [main] PackageRelationshipCollection - Parsing relationship: /_rels/.rels
[DEBUG] 2026-04-22 14:39:56.152 [main] PackageRelationshipCollection - Parsing relationship: /xl/_rels/workbook.xml.rels
[DEBUG] 2026-04-22 14:39:56.165 [main] PackageRelationshipCollection - Parsing relationship: /xl/worksheets/_rels/sheet1.xml.rels
[DEBUG] 2026-04-22 14:39:56.167 [main] PackageRelationshipCollection - Parsing relationship: /_rels/.rels
[DEBUG] 2026-04-22 14:40:14.496 [main] PackageRelationshipCollection - Parsing relationship: /xl/_rels/workbook.xml.rels
[DEBUG] 2026-04-22 14:40:14.501 [main] PackageRelationshipCollection - Parsing relationship: /xl/worksheets/_rels/sheet1.xml.rels
[DEBUG] 2026-04-22 14:40:14.503 [main] PackageRelationshipCollection - Parsing relationship: /_rels/.rels
[DEBUG] 2026-04-22 14:40:27.586 [main] PackageRelationshipCollection - Parsing relationship: /xl/_rels/workbook.xml.rels
[DEBUG] 2026-04-22 14:40:27.591 [main] PackageRelationshipCollection - Parsing relationship: /xl/worksheets/_rels/sheet1.xml.rels
[DEBUG] 2026-04-22 14:40:27.595 [main] PackageRelationshipCollection - Parsing relationship: /_rels/.rels
[DEBUG] 2026-04-28 10:50:01.123 [main] PackageRelationshipCollection - Parsing relationship: /xl/_rels/workbook.xml.rels
[DEBUG] 2026-04-28 10:50:01.181 [main] PackageRelationshipCollection - Parsing relationship: /xl/worksheets/_rels/sheet1.xml.rels
[DEBUG] 2026-04-28 10:50:01.185 [main] PackageRelationshipCollection - Parsing relationship: /xl/worksheets/_rels/sheet3.xml.rels
[DEBUG] 2026-04-28 10:50:01.187 [main] PackageRelationshipCollection - Parsing relationship: /_rels/.rels
[DEBUG] 2026-04-28 10:50:03.475 [main] PackageRelationshipCollection - Parsing relationship: /xl/_rels/workbook.xml.rels
[DEBUG] 2026-04-28 10:50:03.478 [main] PackageRelationshipCollection - Parsing relationship: /xl/worksheets/_rels/sheet1.xml.rels
[DEBUG] 2026-04-28 10:50:03.486 [main] PackageRelationshipCollection - Parsing relationship: /xl/worksheets/_rels/sheet3.xml.rels
[DEBUG] 2026-04-28 10:50:03.489 [main] PackageRelationshipCollection - Parsing relationship: /_rels/.rels
[DEBUG] 2026-04-28 10:50:03.557 [main] PackageRelationshipCollection - Parsing relationship: /xl/_rels/workbook.xml.rels
[DEBUG] 2026-04-28 10:50:03.558 [main] PackageRelationshipCollection - Parsing relationship: /xl/worksheets/_rels/sheet1.xml.rels
[DEBUG] 2026-04-28 10:50:03.561 [main] PackageRelationshipCollection - Parsing relationship: /xl/worksheets/_rels/sheet3.xml.rels
[DEBUG] 2026-04-28 10:50:03.562 [main] PackageRelationshipCollection - Parsing relationship: /_rels/.rels
[INFO ] 2026-04-28 10:50:03.608 [main] BaseTest - Starting browser
[INFO ] 2026-04-28 10:50:09.269 [main] BaseTest - Browser started successfully
[INFO ] 2026-04-28 10:50:09.278 [main] BaseTest - Valid Login Test
[INFO ] 2026-04-28 10:50:09.279 [main] BaseTest - Email: rohini1@gmail.com
[ERROR] 2026-04-28 10:50:21.077 [main] BaseTest - Valid login failed
java.lang.AssertionError: Login failed expected [true] but found [false]
	at org.testng.Assert.fail(Assert.java:111)
	at org.testng.Assert.failNotEquals(Assert.java:1590)
	at org.testng.Assert.assertTrue(Assert.java:57)
	at com.test.base.BaseTest.validLoginTest(BaseTest.java:44)
	at java.base/jdk.internal.reflect.NativeMethodAccessorImpl.invoke0(Native Method)
	at java.base/jdk.internal.reflect.NativeMethodAccessorImpl.invoke(NativeMethodAccessorImpl.java:77)
	at java.base/jdk.internal.reflect.DelegatingMethodAccessorImpl.invoke(DelegatingMethodAccessorImpl.java:43)
	at java.base/java.lang.reflect.Method.invoke(Method.java:568)
	at org.testng.internal.invokers.MethodInvocationHelper.invokeMethod(MethodInvocationHelper.java:141)
	at org.testng.internal.invokers.TestInvoker.invokeMethod(TestInvoker.java:697)
	at org.testng.internal.invokers.TestInvoker.invokeTestMethod(TestInvoker.java:230)
	at org.testng.internal.invokers.MethodRunner.runInSequence(MethodRunner.java:63)
	at org.testng.internal.invokers.TestInvoker$MethodInvocationAgent.invoke(TestInvoker.java:1005)
	at org.testng.internal.invokers.TestInvoker.invokeTestMethods(TestInvoker.java:203)
	at org.testng.internal.invokers.TestMethodWorker.invokeTestMethods(TestMethodWorker.java:154)
	at org.testng.internal.invokers.TestMethodWorker.run(TestMethodWorker.java:134)
	at java.base/java.util.ArrayList.forEach(ArrayList.java:1511)
	at org.testng.TestRunner.privateRun(TestRunner.java:744)
	at org.testng.TestRunner.run(TestRunner.java:616)
	at org.testng.SuiteRunner.runTest(SuiteRunner.java:421)
	at org.testng.SuiteRunner.runSequentially(SuiteRunner.java:413)
	at org.testng.SuiteRunner.privateRun(SuiteRunner.java:373)
	at org.testng.SuiteRunner.run(SuiteRunner.java:312)
	at org.testng.SuiteRunnerWorker.runSuite(SuiteRunnerWorker.java:52)
	at org.testng.SuiteRunnerWorker.run(SuiteRunnerWorker.java:95)
	at org.testng.TestNG.runSuitesSequentially(TestNG.java:1274)
	at org.testng.TestNG.runSuitesLocally(TestNG.java:1208)
	at org.testng.TestNG.runSuites(TestNG.java:1112)
	at org.testng.TestNG.run(TestNG.java:1079)
	at org.testng.remote.AbstractRemoteTestNG.run(AbstractRemoteTestNG.java:115)
	at org.testng.remote.RemoteTestNG.initAndRun(RemoteTestNG.java:293)
	at org.testng.remote.RemoteTestNG.main(RemoteTestNG.java:91)
[INFO ] 2026-04-28 10:50:21.376 [main] BaseTest - Closing browser
[INFO ] 2026-04-28 10:50:21.727 [main] BaseTest - Browser closed
[INFO ] 2026-04-28 10:50:21.730 [main] BaseTest - Starting browser
[INFO ] 2026-04-28 10:50:23.333 [main] BaseTest - Browser started successfully
[INFO ] 2026-04-28 10:50:23.336 [main] BaseTest - Valid Login Test
[INFO ] 2026-04-28 10:50:23.336 [main] BaseTest - Email: rohini@gmail.com
[ERROR] 2026-04-28 10:50:34.992 [main] BaseTest - Valid login failed
java.lang.AssertionError: Login failed expected [true] but found [false]
	at org.testng.Assert.fail(Assert.java:111)
	at org.testng.Assert.failNotEquals(Assert.java:1590)
	at org.testng.Assert.assertTrue(Assert.java:57)
	at com.test.base.BaseTest.validLoginTest(BaseTest.java:44)
	at java.base/jdk.internal.reflect.NativeMethodAccessorImpl.invoke0(Native Method)
	at java.base/jdk.internal.reflect.NativeMethodAccessorImpl.invoke(NativeMethodAccessorImpl.java:77)
	at java.base/jdk.internal.reflect.DelegatingMethodAccessorImpl.invoke(DelegatingMethodAccessorImpl.java:43)
	at java.base/java.lang.reflect.Method.invoke(Method.java:568)
	at org.testng.internal.invokers.MethodInvocationHelper.invokeMethod(MethodInvocationHelper.java:141)
	at org.testng.internal.invokers.TestInvoker.invokeMethod(TestInvoker.java:697)
	at org.testng.internal.invokers.TestInvoker.invokeTestMethod(TestInvoker.java:230)
	at org.testng.internal.invokers.MethodRunner.runInSequence(MethodRunner.java:63)
	at org.testng.internal.invokers.TestInvoker$MethodInvocationAgent.invoke(TestInvoker.java:1005)
	at org.testng.internal.invokers.TestInvoker.invokeTestMethods(TestInvoker.java:203)
	at org.testng.internal.invokers.TestMethodWorker.invokeTestMethods(TestMethodWorker.java:154)
	at org.testng.internal.invokers.TestMethodWorker.run(TestMethodWorker.java:134)
	at java.base/java.util.ArrayList.forEach(ArrayList.java:1511)
	at org.testng.TestRunner.privateRun(TestRunner.java:744)
	at org.testng.TestRunner.run(TestRunner.java:616)
	at org.testng.SuiteRunner.runTest(SuiteRunner.java:421)
	at org.testng.SuiteRunner.runSequentially(SuiteRunner.java:413)
	at org.testng.SuiteRunner.privateRun(SuiteRunner.java:373)
	at org.testng.SuiteRunner.run(SuiteRunner.java:312)
	at org.testng.SuiteRunnerWorker.runSuite(SuiteRunnerWorker.java:52)
	at org.testng.SuiteRunnerWorker.run(SuiteRunnerWorker.java:95)
	at org.testng.TestNG.runSuitesSequentially(TestNG.java:1274)
	at org.testng.TestNG.runSuitesLocally(TestNG.java:1208)
	at org.testng.TestNG.runSuites(TestNG.java:1112)
	at org.testng.TestNG.run(TestNG.java:1079)
	at org.testng.remote.AbstractRemoteTestNG.run(AbstractRemoteTestNG.java:115)
	at org.testng.remote.RemoteTestNG.initAndRun(RemoteTestNG.java:293)
	at org.testng.remote.RemoteTestNG.main(RemoteTestNG.java:91)
[INFO ] 2026-04-28 10:50:35.211 [main] BaseTest - Closing browser
[INFO ] 2026-04-28 10:50:35.507 [main] BaseTest - Browser closed
